  Assembling JAAsm.asm...
JAAsm.asm(1): error A2013: .MODEL must precede this directive
JAAsm.asm(2): error A2034: must be in segment block
JAAsm.asm(5): error A2013: .MODEL must precede this directive
JAAsm.asm(6): error A2034: must be in segment block
JAAsm.asm(8): error A2034: must be in segment block
JAAsm.asm(11): error A2034: must be in segment block
JAAsm.asm(17): error A2034: must be in segment block
JAAsm.asm(20): error A2034: must be in segment block
JAAsm.asm(21): error A2034: must be in segment block
JAAsm.asm(24): error A2034: must be in segment block
JAAsm.asm(25): error A2034: must be in segment block
JAAsm.asm(27): error A2034: must be in segment block
JAAsm.asm(28): error A2034: must be in segment block
JAAsm.asm(29): error A2034: must be in segment block
JAAsm.asm(30): error A2034: must be in segment block
JAAsm.asm(33): error A2034: must be in segment block
JAAsm.asm(34): error A2034: must be in segment block
JAAsm.asm(36): error A2034: must be in segment block : RandomNumber
JAAsm.asm(38): error A2034: must be in segment block
JAAsm.asm(39): error A2034: must be in segment block
JAAsm.asm(42): error A2034: must be in segment block
JAAsm.asm(43): error A2034: must be in segment block
JAAsm.asm(44): error A2034: must be in segment block
JAAsm.asm(45): error A2034: must be in segment block
JAAsm.asm(46): error A2034: must be in segment block
JAAsm.asm(47): error A2034: must be in segment block
JAAsm.asm(50): error A2034: must be in segment block
JAAsm.asm(52): error A2034: must be in segment block
JAAsm.asm(53): fatal error A1010: unmatched block nesting : RandomNumber
C:\Program Files\Microsoft Visual Studio\2022\Community\MSBuild\Microsoft\VC\v170\BuildCustomizations\masm.targets(70,5): error MSB3721: Polecenie ml.exe /c /nologo /Zi /Fo"Debug\JAAsm.obj" /W3 /errorReport:prompt  /TaJAAsm.asm zostało zakończone; kod błędu: 1.
